Using pre-set license
Built from '2022.1/staging' branch; Version is '2022.1.17f1 (2d349551e475) revision 2962581'; Using compiler version '192829333'; Build Type 'Release'
OS: 'Windows 10  (10.0.19044) 64bit Core' Language: 'en' Physical Memory: 32693 MB
BatchMode: 1, IsHumanControllingUs: 0, StartBugReporterOnCrash: 0, Is64bit: 1, IsPro: 1

COMMAND LINE ARGUMENTS:
C:\Program Files\Unity\Hub\Editor\2022.1.17f1\Editor\Unity.exe
-adb2
-batchMode
-noUpm
-name
AssetImportWorker1
-projectPath
C:/Users/Jack/Documents/GitHub/Pathe/Pathe
-logFile
Logs/AssetImportWorker1.log
-srvPort
57683
Successfully changed project path to: C:/Users/Jack/Documents/GitHub/Pathe/Pathe
C:/Users/Jack/Documents/GitHub/Pathe/Pathe
[UnityMemory] Configuration Parameters - Can be set up in boot.config
    "memorysetup-bucket-allocator-granularity=16"
    "memorysetup-bucket-allocator-bucket-count=8"
    "memorysetup-bucket-allocator-block-size=33554432"
    "memorysetup-bucket-allocator-block-count=8"
    "memorysetup-main-allocator-block-size=16777216"
    "memorysetup-thread-allocator-block-size=16777216"
    "memorysetup-gfx-main-allocator-block-size=16777216"
    "memorysetup-gfx-thread-allocator-block-size=16777216"
    "memorysetup-cache-allocator-block-size=4194304"
    "memorysetup-typetree-allocator-block-size=2097152"
    "memorysetup-profiler-bucket-allocator-granularity=16"
    "memorysetup-profiler-bucket-allocator-bucket-count=8"
    "memorysetup-profiler-bucket-allocator-block-size=33554432"
    "memorysetup-profiler-bucket-allocator-block-count=8"
    "memorysetup-profiler-allocator-block-size=16777216"
    "memorysetup-profiler-editor-allocator-block-size=1048576"
    "memorysetup-temp-allocator-size-main=16777216"
    "memorysetup-job-temp-allocator-block-size=2097152"
    "memorysetup-job-temp-allocator-block-size-background=1048576"
    "memorysetup-job-temp-allocator-reduction-small-platforms=262144"
    "memorysetup-temp-allocator-size-background-worker=32768"
    "memorysetup-temp-allocator-size-job-worker=262144"
    "memorysetup-temp-allocator-size-preload-manager=33554432"
    "memorysetup-temp-allocator-size-nav-mesh-worker=65536"
    "memorysetup-temp-allocator-size-audio-worker=65536"
    "memorysetup-temp-allocator-size-cloud-worker=32768"
    "memorysetup-temp-allocator-size-gi-baking-worker=262144"
    "memorysetup-temp-allocator-size-gfx=262144"
Refreshing native plugins compatible for Editor in 42.16 ms, found 2 plugins.
Preloading 0 native plugins for Editor in 0.00 ms.
Initialize engine version: 2022.1.17f1 (2d349551e475)
[Subsystems] Discovering subsystems at path C:/Program Files/Unity/Hub/Editor/2022.1.17f1/Editor/Data/Resources/UnitySubsystems
[Subsystems] Discovering subsystems at path C:/Users/Jack/Documents/GitHub/Pathe/Pathe/Assets
GfxDevice: creating device client; threaded=0; jobified=0
Direct3D:
    Version:  Direct3D 11.0 [level 11.1]
    Renderer: Radeon RX 5500 XT (ID=0x7340)
    Vendor:   ATI
    VRAM:     8151 MB
    Driver:   30.0.21023.1015
Initialize mono
Mono path[0] = 'C:/Program Files/Unity/Hub/Editor/2022.1.17f1/Editor/Data/Managed'
Mono path[1] = 'C:/Program Files/Unity/Hub/Editor/2022.1.17f1/Editor/Data/MonoBleedingEdge/lib/mono/unityjit-win32'
Mono config path = 'C:/Program Files/Unity/Hub/Editor/2022.1.17f1/Editor/Data/MonoBleedingEdge/etc'
Using monoOptions --debugger-agent=transport=dt_socket,embedding=1,server=y,suspend=n,address=127.0.0.1:56048
Begin MonoManager ReloadAssembly
Registering precompiled unity dll's ...
Register platform support module: C:/Program Files/Unity/Hub/Editor/2022.1.17f1/Editor/Data/PlaybackEngines/WindowsStandaloneSupport/UnityEditor.WindowsStandalone.Extensions.dll
Registered in 0.010664 seconds.
Native extension for WindowsStandalone target not found
Refreshing native plugins compatible for Editor in 49.82 ms, found 2 plugins.
Preloading 0 native plugins for Editor in 0.00 ms.
Mono: successfully reloaded assembly
- Completed reload, in  0.925 seconds
Domain Reload Profiling:
	ReloadAssembly (925ms)
		BeginReloadAssembly (100ms)
			ExecutionOrderSort (0ms)
			DisableScriptedObjects (0ms)
			BackupInstance (0ms)
			ReleaseScriptingObjects (0ms)
			CreateAndSetChildDomain (1ms)
		EndReloadAssembly (677ms)
			LoadAssemblies (96ms)
			RebuildTransferFunctionScriptingTraits (0ms)
			SetupTypeCache (169ms)
				TypeCache.Initialize (167ms)
					TypeCache.ScanAssembly (163ms)
				ResolveRequiredComponents (1ms)
			ReleaseScriptCaches (0ms)
			RebuildScriptCaches (91ms)
			SetupLoadedEditorAssemblies (329ms)
				LogAssemblyErrors (0ms)
				InitializePlatformSupportModulesInManaged (17ms)
				SetLoadedEditorAssemblies (12ms)
				RefreshPlugins (50ms)
				BeforeProcessingInitializeOnLoad (2ms)
				ProcessInitializeOnLoadAttributes (180ms)
				ProcessInitializeOnLoadMethodAttributes (69ms)
				AfterProcessingInitializeOnLoad (0ms)
				EditorAssembliesLoaded (0ms)
			ExecutionOrderSort2 (0ms)
			AwakeInstancesAfterBackupRestoration (0ms)
Platform modules already initialized, skipping
Registering precompiled user dll's ...
Registered in 0.004230 seconds.
Begin MonoManager ReloadAssembly
Native extension for WindowsStandalone target not found
Refreshing native plugins compatible for Editor in 0.72 ms, found 2 plugins.
Preloading 0 native plugins for Editor in 0.00 ms.
Mono: successfully reloaded assembly
- Completed reload, in  1.224 seconds
Domain Reload Profiling:
	ReloadAssembly (1225ms)
		BeginReloadAssembly (153ms)
			ExecutionOrderSort (0ms)
			DisableScriptedObjects (7ms)
			BackupInstance (0ms)
			ReleaseScriptingObjects (0ms)
			CreateAndSetChildDomain (30ms)
		EndReloadAssembly (925ms)
			LoadAssemblies (98ms)
			RebuildTransferFunctionScriptingTraits (0ms)
			SetupTypeCache (247ms)
				TypeCache.Initialize (244ms)
					TypeCache.ScanAssembly (239ms)
				ResolveRequiredComponents (3ms)
			ReleaseScriptCaches (1ms)
			RebuildScriptCaches (65ms)
			SetupLoadedEditorAssemblies (441ms)
				LogAssemblyErrors (0ms)
				InitializePlatformSupportModulesInManaged (10ms)
				SetLoadedEditorAssemblies (13ms)
				RefreshPlugins (1ms)
				BeforeProcessingInitializeOnLoad (90ms)
				ProcessInitializeOnLoadAttributes (271ms)
				ProcessInitializeOnLoadMethodAttributes (46ms)
				AfterProcessingInitializeOnLoad (10ms)
				EditorAssembliesLoaded (0ms)
			ExecutionOrderSort2 (0ms)
			AwakeInstancesAfterBackupRestoration (8ms)
Platform modules already initialized, skipping
========================================================================
Worker process is ready to serve import requests
Launched and connected shader compiler UnityShaderCompiler.exe after 0.08 seconds
Refreshing native plugins compatible for Editor in 0.72 ms, found 2 plugins.
Preloading 0 native plugins for Editor in 0.00 ms.
Unloading 1809 Unused Serialized files (Serialized files now loaded: 0)
Unloading 23 unused Assets / (31.1 KB). Loaded Objects now: 2286.
Memory consumption went from 300.4 MB to 300.4 MB.
Total: 3.909300 ms (FindLiveObjects: 0.225000 ms CreateObjectMapping: 0.048200 ms MarkObjects: 3.583000 ms  DeleteObjects: 0.051800 ms)

AssetImportParameters requested are different than current active one (requested -> active):
  custom:video-decoder-ogg-theora: a1e56fd34408186e4bbccfd4996cb3dc -> 
  custom:container-muxer-webm: aa71ff27fc2769a1b78a27578f13a17b -> 
  custom:container-demuxer-webm: 4f35f7cbe854078d1ac9338744f61a02 -> 
  custom:video-encoder-webm-vp8: eb34c28f22e8b96e1ab97ce403110664 -> 
  custom:audio-encoder-webm-vorbis: bf7c407c2cedff20999df2af8eb42d56 -> 
  custom:framework-win-MediaFoundation: 216162199b28c13a410421893ffa2e32 -> 
  custom:container-demuxer-ogg: 62fdf1f143b41e24485cea50d1cbac27 -> 
  custom:video-decoder-webm-vp8: 9c59270c3fd7afecdb556c50c9e8de78 -> 
  custom:audio-decoder-ogg-vorbis: bf7c407c2cedff20999df2af8eb42d56 -> 
========================================================================
Received Prepare
Registering precompiled user dll's ...
Registered in 0.004416 seconds.
Begin MonoManager ReloadAssembly
Native extension for WindowsStandalone target not found
Refreshing native plugins compatible for Editor in 0.47 ms, found 2 plugins.
Preloading 0 native plugins for Editor in 0.00 ms.
Mono: successfully reloaded assembly
- Completed reload, in  0.938 seconds
Domain Reload Profiling:
	ReloadAssembly (938ms)
		BeginReloadAssembly (143ms)
			ExecutionOrderSort (0ms)
			DisableScriptedObjects (7ms)
			BackupInstance (0ms)
			ReleaseScriptingObjects (0ms)
			CreateAndSetChildDomain (39ms)
		EndReloadAssembly (695ms)
			LoadAssemblies (85ms)
			RebuildTransferFunctionScriptingTraits (0ms)
			SetupTypeCache (181ms)
				TypeCache.Initialize (179ms)
					TypeCache.ScanAssembly (175ms)
				ResolveRequiredComponents (2ms)
			ReleaseScriptCaches (1ms)
			RebuildScriptCaches (54ms)
			SetupLoadedEditorAssemblies (324ms)
				LogAssemblyErrors (0ms)
				InitializePlatformSupportModulesInManaged (13ms)
				SetLoadedEditorAssemblies (7ms)
				RefreshPlugins (1ms)
				BeforeProcessingInitializeOnLoad (61ms)
				ProcessInitializeOnLoadAttributes (196ms)
				ProcessInitializeOnLoadMethodAttributes (36ms)
				AfterProcessingInitializeOnLoad (10ms)
				EditorAssembliesLoaded (0ms)
			ExecutionOrderSort2 (0ms)
			AwakeInstancesAfterBackupRestoration (8ms)
Platform modules already initialized, skipping
Refreshing native plugins compatible for Editor in 1.50 ms, found 2 plugins.
Preloading 0 native plugins for Editor in 0.00 ms.
Unloading 1793 Unused Serialized files (Serialized files now loaded: 0)
Unloading 13 unused Assets / (32.5 KB). Loaded Objects now: 2289.
Memory consumption went from 297.3 MB to 297.2 MB.
Total: 3.071800 ms (FindLiveObjects: 0.172300 ms CreateObjectMapping: 0.040800 ms MarkObjects: 2.789400 ms  DeleteObjects: 0.067800 ms)

AssetImportParameters requested are different than current active one (requested -> active):
  custom:video-decoder-ogg-theora: a1e56fd34408186e4bbccfd4996cb3dc -> 
  custom:container-muxer-webm: aa71ff27fc2769a1b78a27578f13a17b -> 
  custom:container-demuxer-webm: 4f35f7cbe854078d1ac9338744f61a02 -> 
  custom:video-encoder-webm-vp8: eb34c28f22e8b96e1ab97ce403110664 -> 
  custom:audio-encoder-webm-vorbis: bf7c407c2cedff20999df2af8eb42d56 -> 
  custom:framework-win-MediaFoundation: 216162199b28c13a410421893ffa2e32 -> 
  custom:container-demuxer-ogg: 62fdf1f143b41e24485cea50d1cbac27 -> 
  custom:video-decoder-webm-vp8: 9c59270c3fd7afecdb556c50c9e8de78 -> 
  custom:audio-decoder-ogg-vorbis: bf7c407c2cedff20999df2af8eb42d56 -> 
========================================================================
Received Prepare
Registering precompiled user dll's ...
Registered in 0.003058 seconds.
Begin MonoManager ReloadAssembly
Native extension for WindowsStandalone target not found
Refreshing native plugins compatible for Editor in 0.77 ms, found 2 plugins.
Preloading 0 native plugins for Editor in 0.00 ms.
Mono: successfully reloaded assembly
- Completed reload, in  0.983 seconds
Domain Reload Profiling:
	ReloadAssembly (984ms)
		BeginReloadAssembly (123ms)
			ExecutionOrderSort (0ms)
			DisableScriptedObjects (6ms)
			BackupInstance (0ms)
			ReleaseScriptingObjects (0ms)
			CreateAndSetChildDomain (31ms)
		EndReloadAssembly (770ms)
			LoadAssemblies (78ms)
			RebuildTransferFunctionScriptingTraits (0ms)
			SetupTypeCache (203ms)
				TypeCache.Initialize (200ms)
					TypeCache.ScanAssembly (193ms)
				ResolveRequiredComponents (3ms)
			ReleaseScriptCaches (1ms)
			RebuildScriptCaches (54ms)
			SetupLoadedEditorAssemblies (371ms)
				LogAssemblyErrors (0ms)
				InitializePlatformSupportModulesInManaged (16ms)
				SetLoadedEditorAssemblies (8ms)
				RefreshPlugins (1ms)
				BeforeProcessingInitializeOnLoad (71ms)
				ProcessInitializeOnLoadAttributes (232ms)
				ProcessInitializeOnLoadMethodAttributes (33ms)
				AfterProcessingInitializeOnLoad (10ms)
				EditorAssembliesLoaded (0ms)
			ExecutionOrderSort2 (0ms)
			AwakeInstancesAfterBackupRestoration (8ms)
Platform modules already initialized, skipping
Refreshing native plugins compatible for Editor in 1.65 ms, found 2 plugins.
Preloading 0 native plugins for Editor in 0.00 ms.
Unloading 1793 Unused Serialized files (Serialized files now loaded: 0)
Unloading 13 unused Assets / (32.5 KB). Loaded Objects now: 2292.
Memory consumption went from 297.3 MB to 297.2 MB.
Total: 2.960000 ms (FindLiveObjects: 0.190000 ms CreateObjectMapping: 0.039600 ms MarkObjects: 2.699700 ms  DeleteObjects: 0.029100 ms)

AssetImportParameters requested are different than current active one (requested -> active):
  custom:video-decoder-ogg-theora: a1e56fd34408186e4bbccfd4996cb3dc -> 
  custom:container-muxer-webm: aa71ff27fc2769a1b78a27578f13a17b -> 
  custom:container-demuxer-webm: 4f35f7cbe854078d1ac9338744f61a02 -> 
  custom:video-encoder-webm-vp8: eb34c28f22e8b96e1ab97ce403110664 -> 
  custom:audio-encoder-webm-vorbis: bf7c407c2cedff20999df2af8eb42d56 -> 
  custom:framework-win-MediaFoundation: 216162199b28c13a410421893ffa2e32 -> 
  custom:container-demuxer-ogg: 62fdf1f143b41e24485cea50d1cbac27 -> 
  custom:video-decoder-webm-vp8: 9c59270c3fd7afecdb556c50c9e8de78 -> 
  custom:audio-decoder-ogg-vorbis: bf7c407c2cedff20999df2af8eb42d56 -> 
========================================================================
Received Import Request.
  Time since last request: 1011244.120788 seconds.
  path: Assets/Prefabs/Health.prefab
  artifactKey: Guid(f7c921b80da54c3468acabfbc3f67225) Importer(815301076,1909f56bfc062723c751e8b465ee728b)
Start importing Assets/Prefabs/Health.prefab using Guid(f7c921b80da54c3468acabfbc3f67225) Importer(815301076,1909f56bfc062723c751e8b465ee728b)  -> (artifact id: '93f774c0f8210e7ba850b7c62711dbff') in 0.284848 seconds 
========================================================================
Received Import Request.
  Time since last request: 0.000033 seconds.
  path: Assets/Prefabs/Map Node.prefab
  artifactKey: Guid(5745671d98bf8c8498c53a0d546dc2fa) Importer(815301076,1909f56bfc062723c751e8b465ee728b)
Start importing Assets/Prefabs/Map Node.prefab using Guid(5745671d98bf8c8498c53a0d546dc2fa) Importer(815301076,1909f56bfc062723c751e8b465ee728b)  -> (artifact id: '06ed532223041315bd3011ae751c4ea4') in 0.019086 seconds 
========================================================================
Received Import Request.
  Time since last request: 3.569824 seconds.
  path: Assets/Prefabs/Encounters/Bridge.prefab
  artifactKey: Guid(2b98a61e5a67bba4eaca0fd54a524182) Importer(815301076,1909f56bfc062723c751e8b465ee728b)
Start importing Assets/Prefabs/Encounters/Bridge.prefab using Guid(2b98a61e5a67bba4eaca0fd54a524182) Importer(815301076,1909f56bfc062723c751e8b465ee728b)  -> (artifact id: 'b15431d45282afcfde96a222c5b61dc0') in 0.029414 seconds 
========================================================================
Received Import Request.
  Time since last request: 0.000020 seconds.
  path: Assets/Prefabs/Encounters/Pond Lady.prefab
  artifactKey: Guid(af9b7de7dc55b994599d156b65aed06b) Importer(815301076,1909f56bfc062723c751e8b465ee728b)
Start importing Assets/Prefabs/Encounters/Pond Lady.prefab using Guid(af9b7de7dc55b994599d156b65aed06b) Importer(815301076,1909f56bfc062723c751e8b465ee728b)  -> (artifact id: '16d655a76eebdb3e5d0b1fa077881a54') in 0.021449 seconds 
========================================================================
Received Import Request.
  Time since last request: 0.000020 seconds.
  path: Assets/Prefabs/Encounters/DoeCorrupt.prefab
  artifactKey: Guid(c975520cc7e6c6f4a8b5ac5178765bbd) Importer(815301076,1909f56bfc062723c751e8b465ee728b)
Start importing Assets/Prefabs/Encounters/DoeCorrupt.prefab using Guid(c975520cc7e6c6f4a8b5ac5178765bbd) Importer(815301076,1909f56bfc062723c751e8b465ee728b)  -> (artifact id: '4ee16d5bc6af23ea18934ba6215dfa0f') in 0.018731 seconds 
========================================================================
Received Import Request.
  Time since last request: 0.000022 seconds.
  path: Assets/Prefabs/Encounters/Woodcarver.prefab
  artifactKey: Guid(eddbb2aadffe9954d94de17fa86ef562) Importer(815301076,1909f56bfc062723c751e8b465ee728b)
Start importing Assets/Prefabs/Encounters/Woodcarver.prefab using Guid(eddbb2aadffe9954d94de17fa86ef562) Importer(815301076,1909f56bfc062723c751e8b465ee728b)  -> (artifact id: 'fd4749a910c384229f9a99fe3856d764') in 0.019210 seconds 
========================================================================
Received Import Request.
  Time since last request: 0.000016 seconds.
  path: Assets/Prefabs/Encounters/DoeSick.prefab
  artifactKey: Guid(43fc54c85a4008e449d8b5f0ee57b1e3) Importer(815301076,1909f56bfc062723c751e8b465ee728b)
Start importing Assets/Prefabs/Encounters/DoeSick.prefab using Guid(43fc54c85a4008e449d8b5f0ee57b1e3) Importer(815301076,1909f56bfc062723c751e8b465ee728b)  -> (artifact id: '9180dc24b0d888607b9c7378e20e70e2') in 0.019168 seconds 
========================================================================
Received Import Request.
  Time since last request: 0.000028 seconds.
  path: Assets/Prefabs/Encounters/Trader.prefab
  artifactKey: Guid(06c2def38e9a1ab4494e42ea7683b975) Importer(815301076,1909f56bfc062723c751e8b465ee728b)
Start importing Assets/Prefabs/Encounters/Trader.prefab using Guid(06c2def38e9a1ab4494e42ea7683b975) Importer(815301076,1909f56bfc062723c751e8b465ee728b)  -> (artifact id: 'e5d2ddf13afc6c01a06af8c099761a7a') in 0.018828 seconds 
========================================================================
Received Import Request.
  Time since last request: 0.000033 seconds.
  path: Assets/Prefabs/Encounters/Woodsman.prefab
  artifactKey: Guid(29d3e3d939ae1a84a97fe29386177486) Importer(815301076,1909f56bfc062723c751e8b465ee728b)
Start importing Assets/Prefabs/Encounters/Woodsman.prefab using Guid(29d3e3d939ae1a84a97fe29386177486) Importer(815301076,1909f56bfc062723c751e8b465ee728b)  -> (artifact id: '3833a76e5fd2c8aa3d28eaacef1583d4') in 0.017825 seconds 
========================================================================
Received Import Request.
  Time since last request: 0.000021 seconds.
  path: Assets/Prefabs/Encounters/Manor.prefab
  artifactKey: Guid(6455d8004e0a6a649aefb2a7d121481f) Importer(815301076,1909f56bfc062723c751e8b465ee728b)
Start importing Assets/Prefabs/Encounters/Manor.prefab using Guid(6455d8004e0a6a649aefb2a7d121481f) Importer(815301076,1909f56bfc062723c751e8b465ee728b)  -> (artifact id: '7aead545bd052c46712468172053b4b9') in 0.017225 seconds 
========================================================================
Received Import Request.
  Time since last request: 0.000028 seconds.
  path: Assets/Prefabs/Encounters/River.prefab
  artifactKey: Guid(465b0c6128d70c74f9205ef9eef2b87a) Importer(815301076,1909f56bfc062723c751e8b465ee728b)
Start importing Assets/Prefabs/Encounters/River.prefab using Guid(465b0c6128d70c74f9205ef9eef2b87a) Importer(815301076,1909f56bfc062723c751e8b465ee728b)  -> (artifact id: '58820a2ef00ffbf45015056d89534fcd') in 0.017767 seconds 
========================================================================
Received Prepare
Registering precompiled user dll's ...
Registered in 0.003376 seconds.
Begin MonoManager ReloadAssembly
Native extension for WindowsStandalone target not found
Refreshing native plugins compatible for Editor in 0.60 ms, found 2 plugins.
Preloading 0 native plugins for Editor in 0.00 ms.
Mono: successfully reloaded assembly
- Completed reload, in  0.962 seconds
Domain Reload Profiling:
	ReloadAssembly (963ms)
		BeginReloadAssembly (130ms)
			ExecutionOrderSort (0ms)
			DisableScriptedObjects (6ms)
			BackupInstance (0ms)
			ReleaseScriptingObjects (0ms)
			CreateAndSetChildDomain (35ms)
		EndReloadAssembly (736ms)
			LoadAssemblies (75ms)
			RebuildTransferFunctionScriptingTraits (0ms)
			SetupTypeCache (185ms)
				TypeCache.Initialize (182ms)
					TypeCache.ScanAssembly (179ms)
				ResolveRequiredComponents (3ms)
			ReleaseScriptCaches (2ms)
			RebuildScriptCaches (60ms)
			SetupLoadedEditorAssemblies (355ms)
				LogAssemblyErrors (0ms)
				InitializePlatformSupportModulesInManaged (15ms)
				SetLoadedEditorAssemblies (9ms)
				RefreshPlugins (1ms)
				BeforeProcessingInitializeOnLoad (68ms)
				ProcessInitializeOnLoadAttributes (214ms)
				ProcessInitializeOnLoadMethodAttributes (38ms)
				AfterProcessingInitializeOnLoad (10ms)
				EditorAssembliesLoaded (0ms)
			ExecutionOrderSort2 (0ms)
			AwakeInstancesAfterBackupRestoration (8ms)
Platform modules already initialized, skipping
Refreshing native plugins compatible for Editor in 1.51 ms, found 2 plugins.
Preloading 0 native plugins for Editor in 0.00 ms.
Unloading 1793 Unused Serialized files (Serialized files now loaded: 0)
Unloading 13 unused Assets / (32.6 KB). Loaded Objects now: 2307.
Memory consumption went from 301.4 MB to 301.4 MB.
Total: 3.468300 ms (FindLiveObjects: 0.348000 ms CreateObjectMapping: 0.061400 ms MarkObjects: 3.031100 ms  DeleteObjects: 0.026800 ms)

AssetImportParameters requested are different than current active one (requested -> active):
  custom:video-decoder-ogg-theora: a1e56fd34408186e4bbccfd4996cb3dc -> 
  custom:container-muxer-webm: aa71ff27fc2769a1b78a27578f13a17b -> 
  custom:container-demuxer-webm: 4f35f7cbe854078d1ac9338744f61a02 -> 
  custom:video-encoder-webm-vp8: eb34c28f22e8b96e1ab97ce403110664 -> 
  custom:audio-encoder-webm-vorbis: bf7c407c2cedff20999df2af8eb42d56 -> 
  custom:framework-win-MediaFoundation: 216162199b28c13a410421893ffa2e32 -> 
  custom:container-demuxer-ogg: 62fdf1f143b41e24485cea50d1cbac27 -> 
  custom:video-decoder-webm-vp8: 9c59270c3fd7afecdb556c50c9e8de78 -> 
  custom:audio-decoder-ogg-vorbis: bf7c407c2cedff20999df2af8eb42d56 -> 
========================================================================
Received Import Request.
  Time since last request: 1282.411220 seconds.
  path: Assets/Sprites/Blank.png
  artifactKey: Guid(cd06052d5c1f0a9418f3b1c246d98433) Importer(815301076,1909f56bfc062723c751e8b465ee728b)
Start importing Assets/Sprites/Blank.png using Guid(cd06052d5c1f0a9418f3b1c246d98433) Importer(815301076,1909f56bfc062723c751e8b465ee728b)  -> (artifact id: '6c2f6689affc86e9e7695cd6eccd2b5a') in 0.083722 seconds 
========================================================================
Received Import Request.
  Time since last request: 0.000027 seconds.
  path: Assets/Sprites/FOW_Texture.png
  artifactKey: Guid(bb9a45bbeea42f54195ce51be1d0d317) Importer(815301076,1909f56bfc062723c751e8b465ee728b)
Start importing Assets/Sprites/FOW_Texture.png using Guid(bb9a45bbeea42f54195ce51be1d0d317) Importer(815301076,1909f56bfc062723c751e8b465ee728b)  -> (artifact id: '0a45b6fbe81c05cf6bdbc3b021f7efff') in 0.024005 seconds 
========================================================================
Received Import Request.
  Time since last request: 0.000021 seconds.
  path: Assets/Sprites/LineTexture.png
  artifactKey: Guid(1ad2d3e58f463374a8e74ee64a0f0ffe) Importer(815301076,1909f56bfc062723c751e8b465ee728b)
Start importing Assets/Sprites/LineTexture.png using Guid(1ad2d3e58f463374a8e74ee64a0f0ffe) Importer(815301076,1909f56bfc062723c751e8b465ee728b)  -> (artifact id: '0c288836c976eecce83b85dbf5c28db2') in 0.017780 seconds 
========================================================================
Received Import Request.
  Time since last request: 0.000032 seconds.
  path: Assets/Sprites/MultipleSprites.preset
  artifactKey: Guid(b6e98e1f8dbeb304ebfdc2455d367703) Importer(815301076,1909f56bfc062723c751e8b465ee728b)
Start importing Assets/Sprites/MultipleSprites.preset using Guid(b6e98e1f8dbeb304ebfdc2455d367703) Importer(815301076,1909f56bfc062723c751e8b465ee728b)  -> (artifact id: '402d3dbe647f3f867d173a1222defb3b') in 0.011438 seconds 
========================================================================
Received Import Request.
  Time since last request: 0.000023 seconds.
  path: Assets/Sprites/Line.mat
  artifactKey: Guid(8b97360b9b8611846a2b0f95773efb2b) Importer(815301076,1909f56bfc062723c751e8b465ee728b)
Start importing Assets/Sprites/Line.mat using Guid(8b97360b9b8611846a2b0f95773efb2b) Importer(815301076,1909f56bfc062723c751e8b465ee728b)  -> (artifact id: '0216960ba79296a2148ad9c1aa6f3bc0') in 0.049263 seconds 
========================================================================
Received Import Request.
  Time since last request: 0.000016 seconds.
  path: Assets/Sprites/FOW_BigSplatter.png
  artifactKey: Guid(d5b4a36cf750dc742bbb981f6eeab098) Importer(815301076,1909f56bfc062723c751e8b465ee728b)
Start importing Assets/Sprites/FOW_BigSplatter.png using Guid(d5b4a36cf750dc742bbb981f6eeab098) Importer(815301076,1909f56bfc062723c751e8b465ee728b)  -> (artifact id: '99d34c9c74b6477535eadc4b6bd9d26d') in 0.136159 seconds 
========================================================================
Received Import Request.
  Time since last request: 1.354537 seconds.
  path: Assets/Sprites/Cards/Card_Bandits.png
  artifactKey: Guid(058ffe55fe6312b40a0143f30ea70a39) Importer(815301076,1909f56bfc062723c751e8b465ee728b)
Start importing Assets/Sprites/Cards/Card_Bandits.png using Guid(058ffe55fe6312b40a0143f30ea70a39) Importer(815301076,1909f56bfc062723c751e8b465ee728b)  -> (artifact id: '40ed5e4cbac3e54c64b68384d29a3539') in 0.028864 seconds 
========================================================================
Received Import Request.
  Time since last request: 0.000025 seconds.
  path: Assets/Sprites/Cards/Card_Trader.png
  artifactKey: Guid(7205f91bb87396e4cbf59ec111ddf355) Importer(815301076,1909f56bfc062723c751e8b465ee728b)
Start importing Assets/Sprites/Cards/Card_Trader.png using Guid(7205f91bb87396e4cbf59ec111ddf355) Importer(815301076,1909f56bfc062723c751e8b465ee728b)  -> (artifact id: 'bab0d008cf80071ead68275475fa4d0b') in 0.022139 seconds 
========================================================================
Received Import Request.
  Time since last request: 0.000021 seconds.
  path: Assets/Sprites/Cards/Card_WoodCarver.png
  artifactKey: Guid(13abdc1e2d653b54e999ec02ae9dd209) Importer(815301076,1909f56bfc062723c751e8b465ee728b)
Start importing Assets/Sprites/Cards/Card_WoodCarver.png using Guid(13abdc1e2d653b54e999ec02ae9dd209) Importer(815301076,1909f56bfc062723c751e8b465ee728b)  -> (artifact id: '1503b8f040a1fda76a325c64d4260ab5') in 0.024983 seconds 
========================================================================
Received Import Request.
  Time since last request: 0.000021 seconds.
  path: Assets/Sprites/Cards/Card_Chapel.png
  artifactKey: Guid(e223d89d1c76b21469110e0359ddff16) Importer(815301076,1909f56bfc062723c751e8b465ee728b)
Start importing Assets/Sprites/Cards/Card_Chapel.png using Guid(e223d89d1c76b21469110e0359ddff16) Importer(815301076,1909f56bfc062723c751e8b465ee728b)  -> (artifact id: '839194c013393da031d57f2e8d6be86f') in 0.024504 seconds 
========================================================================
Received Import Request.
  Time since last request: 0.000026 seconds.
  path: Assets/Sprites/Cards/Card_PondLady.png
  artifactKey: Guid(7ce682ca764782548a1ca84dab5bd6bb) Importer(815301076,1909f56bfc062723c751e8b465ee728b)
Start importing Assets/Sprites/Cards/Card_PondLady.png using Guid(7ce682ca764782548a1ca84dab5bd6bb) Importer(815301076,1909f56bfc062723c751e8b465ee728b)  -> (artifact id: '8e016f6d4c7524052fe5cd43ba004e5f') in 0.022530 seconds 
========================================================================
Received Import Request.
  Time since last request: 0.000047 seconds.
  path: Assets/Sprites/Cards/Card_BigTop.png
  artifactKey: Guid(e9167ada969d7424a9a6ac186ceb6e9c) Importer(815301076,1909f56bfc062723c751e8b465ee728b)
Start importing Assets/Sprites/Cards/Card_BigTop.png using Guid(e9167ada969d7424a9a6ac186ceb6e9c) Importer(815301076,1909f56bfc062723c751e8b465ee728b)  -> (artifact id: '8736646f9d3b86429f0f78f8a0343264') in 0.023222 seconds 
========================================================================
Received Import Request.
  Time since last request: 0.000040 seconds.
  path: Assets/Sprites/Cards/Card_Doe.png
  artifactKey: Guid(67983661ed15bfd4ca939109a93beb56) Importer(815301076,1909f56bfc062723c751e8b465ee728b)
Start importing Assets/Sprites/Cards/Card_Doe.png using Guid(67983661ed15bfd4ca939109a93beb56) Importer(815301076,1909f56bfc062723c751e8b465ee728b)  -> (artifact id: '3053dd8a9e04c37fbea3a2523ca3d0f5') in 0.024776 seconds 
========================================================================
Received Import Request.
  Time since last request: 0.000031 seconds.
  path: Assets/Sprites/Cards/Card_River.png
  artifactKey: Guid(02181a8c611954948967e31169c0b74f) Importer(815301076,1909f56bfc062723c751e8b465ee728b)
Start importing Assets/Sprites/Cards/Card_River.png using Guid(02181a8c611954948967e31169c0b74f) Importer(815301076,1909f56bfc062723c751e8b465ee728b)  -> (artifact id: '1f00b6fe2fed6fbe6b3e5df1bc3e4bea') in 0.025126 seconds 
========================================================================
Received Import Request.
  Time since last request: 0.000027 seconds.
  path: Assets/Sprites/Cards/Card_Manor.png
  artifactKey: Guid(0651d8b5f2017634c82b8bfbad8e0eec) Importer(815301076,1909f56bfc062723c751e8b465ee728b)
Start importing Assets/Sprites/Cards/Card_Manor.png using Guid(0651d8b5f2017634c82b8bfbad8e0eec) Importer(815301076,1909f56bfc062723c751e8b465ee728b)  -> (artifact id: '34a8ce91b401cc207032c9d6a300d99c') in 0.026469 seconds 
========================================================================
Received Import Request.
  Time since last request: 0.000022 seconds.
  path: Assets/Sprites/Cards/Card_Woodsman.png
  artifactKey: Guid(aca55c026b2f9d046b83ed7e1fc62226) Importer(815301076,1909f56bfc062723c751e8b465ee728b)
Start importing Assets/Sprites/Cards/Card_Woodsman.png using Guid(aca55c026b2f9d046b83ed7e1fc62226) Importer(815301076,1909f56bfc062723c751e8b465ee728b)  -> (artifact id: 'c869df63f221c12fa7b0a561dbde7560') in 0.022151 seconds 
========================================================================
Received Import Request.
  Time since last request: 0.000020 seconds.
  path: Assets/Sprites/Cards/Card_DoeSick.png
  artifactKey: Guid(5d7260a33bf07a04b8de5c7158453099) Importer(815301076,1909f56bfc062723c751e8b465ee728b)
Start importing Assets/Sprites/Cards/Card_DoeSick.png using Guid(5d7260a33bf07a04b8de5c7158453099) Importer(815301076,1909f56bfc062723c751e8b465ee728b)  -> (artifact id: 'd55e05ddd93ad017969651fa8ec9ec6a') in 0.023437 seconds 
Editor requested this worker to shutdown with reason: Scaling down because of idle timeout
AssetImportWorker is now disconnected from the server
Process exiting
Exiting without the bug reporter. Application will terminate with return code 0